#
# A fatal error has been detected by the Java Runtime Environment:
#
#  EXCEPTION_ACCESS_VIOLATION (0xc0000005) at pc=0x00007ffcd710a8c5, pid=15148, tid=1584
#
# JRE version: Java(TM) SE Runtime Environment 18.9 (11.0.7+8) (build 11.0.7+8-LTS)
# Java VM: Java HotSpot(TM) 64-Bit Server VM 18.9 (11.0.7+8-LTS, mixed mode, tiered, compressed oops, g1 gc, windows-amd64)
# Problematic frame:
# V  [jvm.dll+0x68a8c5]
#
# No core dump will be written. Minidumps are not enabled by default on client versions of Windows
#
# If you would like to submit a bug report, please visit:
#   https://bugreport.java.com/bugreport/crash.jsp
#

---------------  S U M M A R Y ------------

Command Line: -Dcom.sun.management.jmxremote -Dcom.sun.management.jmxremote.port=60224 -Dcom.sun.management.jmxremote.authenticate=false -Dcom.sun.management.jmxremote.ssl=false -Djava.rmi.server.hostname=localhost -Dspring.jmx.enabled=true -Dspring.application.admin.enabled=true -Xverify:none -XX:TieredStopAtLevel=1 -Dspring.boot.project.name=floripafretes -Dfile.encoding=UTF-8 br.sc.senai.floripafretes.FloripafretesApplication --spring.output.ansi.enabled=always

Host: AMD FX(tm)-6300 Six-Core Processor             , 6 cores, 7G,  Windows 10 , 64 bit Build 18362 (10.0.18362.1110)
Time: Tue Dec  1 20:57:52 2020 Hora oficial do Brasil elapsed time: 1 seconds (0d 0h 0m 1s)

---------------  T H R E A D  ---------------

Current thread (0x000002b8faf2d000):  WatcherThread [stack: 0x000000bd50b00000,0x000000bd50c00000] [id=1584]

Stack: [0x000000bd50b00000,0x000000bd50c00000],  sp=0x000000bd50bff7d0,  free space=1021k
Native frames: (J=compiled Java code, j=interpreted, Vv=VM code, C=native code)
V  [jvm.dll+0x68a8c5]
V  [jvm.dll+0x6f394f]
V  [jvm.dll+0x73fc7d]
V  [jvm.dll+0x765fe9]
V  [jvm.dll+0x75e875]
V  [jvm.dll+0x660b26]
C  [ucrtbase.dll+0x210b2]
C  [KERNEL32.DLL+0x17c24]
C  [ntdll.dll+0x6d4d1]


siginfo: EXCEPTION_ACCESS_VIOLATION (0xc0000005), reading address 0x00007ffc0000000f


Register to memory mapping:

RIP=0x00007ffcd710a8c5 jvm.dll
RAX=0x00007ffc0000000f is an unknown value
RBX=0x000002b8fae9ebe0 points into unknown readable memory: 80 bb 37 d7 fc 7f 00 00
RCX=0x000002b8fae97840 points into unknown readable memory: 0f 00 00 00 fc 7f 00 00
RDX=0x0000000000000032 is an unknown value
RSP=0x000000bd50bff7d0 points into unknown readable memory: b0 b5 ab da b8 02 00 00
RBP=0x0000000000000002 is an unknown value
RSI=0x000002b8fae97a80 points into unknown readable memory: 10 d2 ec fa b8 02 00 00
RDI=0x0 is NULL
R8 =0x0 is NULL
R9 =0x000002b8e2e60b80 is at begin+0 in a stub
StubRoutines::atomic_cmpxchg_long [0x000002b8e2e60b80, 0x000002b8e2e60b89[ (9 bytes)
R10=0x00000000546c6148 is an unknown value
R11=0x000008a290bb6e89 is an unknown value
R12=0x0 is NULL
R13=0x000002b8faf2d000 points into unknown readable memory: 18 92 38 d7 fc 7f 00 00
R14=0x0000000000000032 is an unknown value
R15=0x000002b8f9e5e850 points into unknown readable memory: 00 00 00 00 00 00 00 00


Registers:
RAX=0x00007ffc0000000f, RBX=0x000002b8fae9ebe0, RCX=0x000002b8fae97840, RDX=0x0000000000000032
RSP=0x000000bd50bff7d0, RBP=0x0000000000000002, RSI=0x000002b8fae97a80, RDI=0x0000000000000000
R8 =0x0000000000000000, R9 =0x000002b8e2e60b80, R10=0x00000000546c6148, R11=0x000008a290bb6e89
R12=0x0000000000000000, R13=0x000002b8faf2d000, R14=0x0000000000000032, R15=0x000002b8f9e5e850
RIP=0x00007ffcd710a8c5, EFLAGS=0x0000000000010202

Top of Stack: (sp=0x000000bd50bff7d0)
0x000000bd50bff7d0:   000002b8daabb5b0 0000000000000b1c
0x000000bd50bff7e0:   0000000000000001 00007ffcd70b3850
0x000000bd50bff7f0:   0000000000000000 00007ffcd717394f
0x000000bd50bff800:   000002b8faf2d000 000002b8faf2d000
0x000000bd50bff810:   00040a7286a824a4 00007ffcd70b42d9
0x000000bd50bff820:   00007ffcd752abc8 00007ffcd71bfc7d
0x000000bd50bff830:   0000000000000001 000002b8daabb5b0
0x000000bd50bff840:   000002b8daabb5b0 431bde82d7b634db
0x000000bd50bff850:   000002b8f9e5e850 00040a7286a824a4
0x000000bd50bff860:   000002b8daabb5b0 00007ffcd71e5fe9
0x000000bd50bff870:   0000000000000001 0000000000000032
0x000000bd50bff880:   0000000000000032 0000000000000002
0x000000bd50bff890:   000000bd50bff930 0000000000000000
0x000000bd50bff8a0:   00007ffd3b0e0000 00007ffd3b151e53
0x000000bd50bff8b0:   0000000000000000 00007ffd3b0e0000
0x000000bd50bff8c0:   0000000000000000 000000bd4f51a000 

Instructions: (pc=0x00007ffcd710a8c5)
0x00007ffcd710a8a5:   70 48 83 c4 50 5f c3 cc cc cc cc 40 53 48 83 ec
0x00007ffcd710a8b5:   20 48 8b d9 48 8b 49 38 48 85 c9 74 0c 48 8b 01
0x00007ffcd710a8c5:   ff 10 48 8b 4b 28 48 89 01 48 83 c4 20 5b c3 cc
0x00007ffcd710a8d5:   cc cc cc cc cc cc cc cc cc cc cc 48 89 5c 24 08 


Stack slot to memory mapping:
stack at sp + 0 slots: 0x000002b8daabb5b0 points into unknown readable memory: 01 00 00 00 00 00 00 00
stack at sp + 1 slots: 0x0000000000000b1c is an unknown value
stack at sp + 2 slots: 0x0000000000000001 is an unknown value
stack at sp + 3 slots: 0x00007ffcd70b3850 jvm.dll
stack at sp + 4 slots: 0x0 is NULL
stack at sp + 5 slots: 0x00007ffcd717394f jvm.dll
stack at sp + 6 slots: 0x000002b8faf2d000 points into unknown readable memory: 18 92 38 d7 fc 7f 00 00
stack at sp + 7 slots: 0x000002b8faf2d000 points into unknown readable memory: 18 92 38 d7 fc 7f 00 00


---------------  P R O C E S S  ---------------

Threads class SMR info:
_java_thread_list=0x000002b8faecd9f0, length=12, elements={
0x000002b8daac2800, 0x000002b8f9bc0000, 0x000002b8f9bc3000, 0x000002b8f9c3e800,
0x000002b8f9c3f800, 0x000002b8f9c43800, 0x000002b8f9c52000, 0x000002b8f9379000,
0x000002b8f9edd800, 0x000002b8faec6000, 0x000002b8faeae800, 0x000002b8faf20800
}

Java Threads: ( => current thread )
  0x000002b8daac2800 JavaThread "main" [_thread_blocked, id=14868, stack(0x000000bd4f700000,0x000000bd4f800000)]
  0x000002b8f9bc0000 JavaThread "Reference Handler" daemon [_thread_blocked, id=15812, stack(0x000000bd4fe00000,0x000000bd4ff00000)]
  0x000002b8f9bc3000 JavaThread "Finalizer" daemon [_thread_blocked, id=5776, stack(0x000000bd4ff00000,0x000000bd50000000)]
  0x000002b8f9c3e800 JavaThread "Signal Dispatcher" daemon [_thread_blocked, id=13356, stack(0x000000bd50000000,0x000000bd50100000)]
  0x000002b8f9c3f800 JavaThread "Attach Listener" daemon [_thread_blocked, id=13400, stack(0x000000bd50100000,0x000000bd50200000)]
  0x000002b8f9c43800 JavaThread "C1 CompilerThread0" daemon [_thread_in_vm, id=8092, stack(0x000000bd50200000,0x000000bd50300000)]
  0x000002b8f9c52000 JavaThread "Sweeper thread" daemon [_thread_blocked, id=9732, stack(0x000000bd50300000,0x000000bd50400000)]
  0x000002b8f9379000 JavaThread "Common-Cleaner" daemon [_thread_blocked, id=428, stack(0x000000bd50400000,0x000000bd50500000)]
  0x000002b8f9edd800 JavaThread "Service Thread" daemon [_thread_blocked, id=15316, stack(0x000000bd50500000,0x000000bd50600000)]
  0x000002b8faec6000 JavaThread "RMI TCP Accept-0" daemon [_thread_in_native, id=7172, stack(0x000000bd50800000,0x000000bd50900000)]
  0x000002b8faeae800 JavaThread "RMI TCP Accept-60224" daemon [_thread_in_native, id=6792, stack(0x000000bd50900000,0x000000bd50a00000)]
  0x000002b8faf20800 JavaThread "RMI TCP Accept-0" daemon [_thread_in_native, id=15140, stack(0x000000bd50a00000,0x000000bd50b00000)]

Other Threads:
  0x000002b8f9bbc800 VMThread "VM Thread" [stack: 0x000000bd4fd00000,0x000000bd4fe00000] [id=6944]
=>0x000002b8faf2d000 WatcherThread [stack: 0x000000bd50b00000,0x000000bd50c00000] [id=1584]
  0x000002b8daad7000 GCTaskThread "GC Thread#0" [stack: 0x000000bd4f800000,0x000000bd4f900000] [id=13100]
  0x000002b8fad9c800 GCTaskThread "GC Thread#1" [stack: 0x000000bd50600000,0x000000bd50700000] [id=5492]
  0x000002b8fad9d000 GCTaskThread "GC Thread#2" [stack: 0x000000bd50700000,0x000000bd50800000] [id=13016]
  0x000002b8dab0a000 ConcurrentGCThread "G1 Main Marker" [stack: 0x000000bd4f900000,0x000000bd4fa00000] [id=1260]
  0x000002b8dab0b000 ConcurrentGCThread "G1 Conc#0" [stack: 0x000000bd4fa00000,0x000000bd4fb00000] [id=2288]
  0x000002b8f9226800 ConcurrentGCThread "G1 Refine#0" [stack: 0x000000bd4fb00000,0x000000bd4fc00000] [id=8944]
  0x000002b8f922c000 ConcurrentGCThread "G1 Young RemSet Sampling" [stack: 0x000000bd4fc00000,0x000000bd4fd00000] [id=11568]

Threads with active compile tasks:
C1 CompilerThread01251       1       sun.util.locale.LanguageTag::parse (205 bytes)

VM state:synchronizing (normal execution)

VM Mutex/Monitor currently owned by a thread:  ([mutex/lock_event])
[0x000002b8daabb6d0] Threads_lock - owner thread: 0x000002b8f9bbc800
[0x000002b8daabb0a0] Heap_lock - owner thread: 0x000002b8daac2800
[0x000002b8daabb5b0] PeriodicTask_lock - owner thread: 0x000002b8faf2d000

Heap address: 0x0000000080400000, size: 2044 MB, Compressed Oops mode: 32-bit
Narrow klass base: 0x0000000000000000, Narrow klass shift: 3
Compressed class space size: 1073741824 Address: 0x0000000100000000

Heap:
 garbage-first heap   total 131072K, used 29512K [0x0000000080400000, 0x0000000100000000)
  region size 1024K, 13 young (13312K), 3 survivors (3072K)
 Metaspace       used 13260K, capacity 13623K, committed 13824K, reserved 1060864K
  class space    used 1382K, capacity 1504K, committed 1536K, reserved 1048576K
Heap Regions: E=young(eden), S=young(survivor), O=old, HS=humongous(starts), HC=humongous(continues), CS=collection set, F=free, A=archive, TAMS=top-at-mark-start (previous, next)
|   0|0x0000000080400000, 0x0000000080500000, 0x0000000080500000|100%|HS|  |TAMS 0x0000000080400000, 0x0000000080400000| Complete 
|   1|0x0000000080500000, 0x0000000080600000, 0x0000000080600000|100%| O|  |TAMS 0x0000000080500000, 0x0000000080500000| Untracked 
|   2|0x0000000080600000, 0x0000000080700000, 0x0000000080700000|100%| O|  |TAMS 0x0000000080600000, 0x0000000080600000| Untracked 
|   3|0x0000000080700000, 0x0000000080800000, 0x0000000080800000|100%| O|  |TAMS 0x0000000080700000, 0x0000000080700000| Untracked 
|   4|0x0000000080800000, 0x0000000080900000, 0x0000000080900000|100%| O|  |TAMS 0x0000000080800000, 0x0000000080800000| Untracked 
|   5|0x0000000080900000, 0x0000000080a00000, 0x0000000080a00000|100%| O|  |TAMS 0x0000000080900000, 0x0000000080900000| Untracked 
|   6|0x0000000080a00000, 0x0000000080b00000, 0x0000000080b00000|100%| O|  |TAMS 0x0000000080a00000, 0x0000000080a00000| Untracked 
|   7|0x0000000080b00000, 0x0000000080c00000, 0x0000000080c00000|100%| O|  |TAMS 0x0000000080b00000, 0x0000000080b00000| Untracked 
|   8|0x0000000080c00000, 0x0000000080d00000, 0x0000000080d00000|100%| O|  |TAMS 0x0000000080c00000, 0x0000000080c00000| Untracked 
|   9|0x0000000080d00000, 0x0000000080e00000, 0x0000000080e00000|100%| O|  |TAMS 0x0000000080d00000, 0x0000000080d00000| Untracked 
|  10|0x0000000080e00000, 0x0000000080f00000, 0x0000000080f00000|100%| O|  |TAMS 0x0000000080e00000, 0x0000000080e00000| Untracked 
|  11|0x0000000080f00000, 0x0000000081000000, 0x0000000081000000|100%| O|  |TAMS 0x0000000080f00000, 0x0000000080f00000| Untracked 
|  12|0x0000000081000000, 0x0000000081100000, 0x0000000081100000|100%| O|  |TAMS 0x0000000081000000, 0x0000000081000000| Untracked 
|  13|0x0000000081100000, 0x0000000081200000, 0x0000000081200000|100%| O|  |TAMS 0x0000000081100000, 0x0000000081100000| Untracked 
|  14|0x0000000081200000, 0x0000000081300000, 0x0000000081300000|100%| O|  |TAMS 0x0000000081200000, 0x0000000081200000| Untracked 
|  15|0x0000000081300000, 0x00000000813d2000, 0x0000000081400000| 82%| O|  |TAMS 0x0000000081300000, 0x0000000081300000| Untracked 
|  16|0x0000000081400000, 0x0000000081400000, 0x0000000081500000|  0%| F|  |TAMS 0x0000000081400000, 0x0000000081400000| Untracked 
|  17|0x0000000081500000, 0x0000000081500000, 0x0000000081600000|  0%| F|  |TAMS 0x0000000081500000, 0x0000000081500000| Untracked 
|  18|0x0000000081600000, 0x0000000081600000, 0x0000000081700000|  0%| F|  |TAMS 0x0000000081600000, 0x0000000081600000| Untracked 
|  19|0x0000000081700000, 0x0000000081700000, 0x0000000081800000|  0%| F|  |TAMS 0x0000000081700000, 0x0000000081700000| Untracked 
|  20|0x0000000081800000, 0x0000000081800000, 0x0000000081900000|  0%| F|  |TAMS 0x0000000081800000, 0x0000000081800000| Untracked 
|  21|0x0000000081900000, 0x0000000081900000, 0x0000000081a00000|  0%| F|  |TAMS 0x0000000081900000, 0x0000000081900000| Untracked 
|  22|0x0000000081a00000, 0x0000000081a00000, 0x0000000081b00000|  0%| F|  |TAMS 0x0000000081a00000, 0x0000000081a00000| Untracked 
|  23|0x0000000081b00000, 0x0000000081b00000, 0x0000000081c00000|  0%| F|  |TAMS 0x0000000081b00000, 0x0000000081b00000| Untracked 
|  24|0x0000000081c00000, 0x0000000081c00000, 0x0000000081d00000|  0%| F|  |TAMS 0x0000000081c00000, 0x0000000081c00000| Untracked 
|  25|0x0000000081d00000, 0x0000000081d00000, 0x0000000081e00000|  0%| F|  |TAMS 0x0000000081d00000, 0x0000000081d00000| Untracked 
|  26|0x0000000081e00000, 0x0000000081e00000, 0x0000000081f00000|  0%| F|  |TAMS 0x0000000081e00000, 0x0000000081e00000| Untracked 
|  27|0x0000000081f00000, 0x0000000081f00000, 0x0000000082000000|  0%| F|  |TAMS 0x0000000081f00000, 0x0000000081f00000| Untracked 
|  28|0x0000000082000000, 0x0000000082000000, 0x0000000082100000|  0%| F|  |TAMS 0x0000000082000000, 0x0000000082000000| Untracked 
|  29|0x0000000082100000, 0x0000000082100000, 0x0000000082200000|  0%| F|  |TAMS 0x0000000082100000, 0x0000000082100000| Untracked 
|  30|0x0000000082200000, 0x0000000082200000, 0x0000000082300000|  0%| F|  |TAMS 0x0000000082200000, 0x0000000082200000| Untracked 
|  31|0x0000000082300000, 0x0000000082300000, 0x0000000082400000|  0%| F|  |TAMS 0x0000000082300000, 0x0000000082300000| Untracked 
|  32|0x0000000082400000, 0x0000000082400000, 0x0000000082500000|  0%| F|  |TAMS 0x0000000082400000, 0x0000000082400000| Untracked 
|  33|0x0000000082500000, 0x0000000082500000, 0x0000000082600000|  0%| F|  |TAMS 0x0000000082500000, 0x0000000082500000| Untracked 
|  34|0x0000000082600000, 0x0000000082600000, 0x0000000082700000|  0%| F|  |TAMS 0x0000000082600000, 0x0000000082600000| Untracked 
|  35|0x0000000082700000, 0x0000000082700000, 0x0000000082800000|  0%| F|  |TAMS 0x0000000082700000, 0x0000000082700000| Untracked 
|  36|0x0000000082800000, 0x0000000082800000, 0x0000000082900000|  0%| F|  |TAMS 0x0000000082800000, 0x0000000082800000| Untracked 
|  37|0x0000000082900000, 0x0000000082900000, 0x0000000082a00000|  0%| F|  |TAMS 0x0000000082900000, 0x0000000082900000| Untracked 
|  38|0x0000000082a00000, 0x0000000082a00000, 0x0000000082b00000|  0%| F|  |TAMS 0x0000000082a00000, 0x0000000082a00000| Untracked 
|  39|0x0000000082b00000, 0x0000000082b00000, 0x0000000082c00000|  0%| F|  |TAMS 0x0000000082b00000, 0x0000000082b00000| Untracked 
|  40|0x0000000082c00000, 0x0000000082c00000, 0x0000000082d00000|  0%| F|  |TAMS 0x0000000082c00000, 0x0000000082c00000| Untracked 
|  41|0x0000000082d00000, 0x0000000082d00000, 0x0000000082e00000|  0%| F|  |TAMS 0x0000000082d00000, 0x0000000082d00000| Untracked 
|  42|0x0000000082e00000, 0x0000000082e00000, 0x0000000082f00000|  0%| F|  |TAMS 0x0000000082e00000, 0x0000000082e00000| Untracked 
|  43|0x0000000082f00000, 0x0000000082f00000, 0x0000000083000000|  0%| F|  |TAMS 0x0000000082f00000, 0x0000000082f00000| Untracked 
|  44|0x0000000083000000, 0x0000000083000000, 0x0000000083100000|  0%| F|  |TAMS 0x0000000083000000, 0x0000000083000000| Untracked 
|  45|0x0000000083100000, 0x0000000083100000, 0x0000000083200000|  0%| F|  |TAMS 0x0000000083100000, 0x0000000083100000| Untracked 
|  46|0x0000000083200000, 0x0000000083200000, 0x0000000083300000|  0%| F|  |TAMS 0x0000000083200000, 0x0000000083200000| Untracked 
|  47|0x0000000083300000, 0x0000000083300000, 0x0000000083400000|  0%| F|  |TAMS 0x0000000083300000, 0x0000000083300000| Untracked 
|  48|0x0000000083400000, 0x0000000083400000, 0x0000000083500000|  0%| F|  |TAMS 0x0000000083400000, 0x0000000083400000| Untracked 
|  49|0x0000000083500000, 0x0000000083500000, 0x0000000083600000|  0%| F|  |TAMS 0x0000000083500000, 0x0000000083500000| Untracked 
|  50|0x0000000083600000, 0x0000000083600000, 0x0000000083700000|  0%| F|  |TAMS 0x0000000083600000, 0x0000000083600000| Untracked 
|  51|0x0000000083700000, 0x0000000083700000, 0x0000000083800000|  0%| F|  |TAMS 0x0000000083700000, 0x0000000083700000| Untracked 
|  52|0x0000000083800000, 0x0000000083800000, 0x0000000083900000|  0%| F|  |TAMS 0x0000000083800000, 0x0000000083800000| Untracked 
|  53|0x0000000083900000, 0x0000000083900000, 0x0000000083a00000|  0%| F|  |TAMS 0x0000000083900000, 0x0000000083900000| Untracked 
|  54|0x0000000083a00000, 0x0000000083a00000, 0x0000000083b00000|  0%| F|  |TAMS 0x0000000083a00000, 0x0000000083a00000| Untracked 
|  55|0x0000000083b00000, 0x0000000083b00000, 0x0000000083c00000|  0%| F|  |TAMS 0x0000000083b00000, 0x0000000083b00000| Untracked 
|  56|0x0000000083c00000, 0x0000000083c00000, 0x0000000083d00000|  0%| F|  |TAMS 0x0000000083c00000, 0x0000000083c00000| Untracked 
|  57|0x0000000083d00000, 0x0000000083d00000, 0x0000000083e00000|  0%| F|  |TAMS 0x0000000083d00000, 0x0000000083d00000| Untracked 
|  58|0x0000000083e00000, 0x0000000083e00000, 0x0000000083f00000|  0%| F|  |TAMS 0x0000000083e00000, 0x0000000083e00000| Untracked 
|  59|0x0000000083f00000, 0x0000000083f00000, 0x0000000084000000|  0%| F|  |TAMS 0x0000000083f00000, 0x0000000083f00000| Untracked 
|  60|0x0000000084000000, 0x0000000084000000, 0x0000000084100000|  0%| F|  |TAMS 0x0000000084000000, 0x0000000084000000| Untracked 
|  61|0x0000000084100000, 0x0000000084100000, 0x0000000084200000|  0%| F|  |TAMS 0x0000000084100000, 0x0000000084100000| Untracked 
|  62|0x0000000084200000, 0x0000000084200000, 0x0000000084300000|  0%| F|  |TAMS 0x0000000084200000, 0x0000000084200000| Untracked 
|  63|0x0000000084300000, 0x0000000084300000, 0x0000000084400000|  0%| F|  |TAMS 0x0000000084300000, 0x0000000084300000| Untracked 
|  64|0x0000000084400000, 0x0000000084400000, 0x0000000084500000|  0%| F|  |TAMS 0x0000000084400000, 0x0000000084400000| Untracked 
|  65|0x0000000084500000, 0x0000000084500000, 0x0000000084600000|  0%| F|  |TAMS 0x0000000084500000, 0x0000000084500000| Untracked 
|  66|0x0000000084600000, 0x0000000084600000, 0x0000000084700000|  0%| F|  |TAMS 0x0000000084600000, 0x0000000084600000| Untracked 
|  67|0x0000000084700000, 0x0000000084700000, 0x0000000084800000|  0%| F|  |TAMS 0x0000000084700000, 0x0000000084700000| Untracked 
|  68|0x0000000084800000, 0x0000000084800000, 0x0000000084900000|  0%| F|  |TAMS 0x0000000084800000, 0x0000000084800000| Untracked 
|  69|0x0000000084900000, 0x0000000084900000, 0x0000000084a00000|  0%| F|  |TAMS 0x0000000084900000, 0x0000000084900000| Untracked 
|  70|0x0000000084a00000, 0x0000000084a00000, 0x0000000084b00000|  0%| F|  |TAMS 0x0000000084a00000, 0x0000000084a00000| Untracked 
|  71|0x0000000084b00000, 0x0000000084b00000, 0x0000000084c00000|  0%| F|  |TAMS 0x0000000084b00000, 0x0000000084b00000| Untracked 
|  72|0x0000000084c00000, 0x0000000084c00000, 0x0000000084d00000|  0%| F|  |TAMS 0x0000000084c00000, 0x0000000084c00000| Untracked 
|  73|0x0000000084d00000, 0x0000000084d00000, 0x0000000084e00000|  0%| F|  |TAMS 0x0000000084d00000, 0x0000000084d00000| Untracked 
|  74|0x0000000084e00000, 0x0000000084e00000, 0x0000000084f00000|  0%| F|  |TAMS 0x0000000084e00000, 0x0000000084e00000| Untracked 
|  75|0x0000000084f00000, 0x0000000084f00000, 0x0000000085000000|  0%| F|  |TAMS 0x0000000084f00000, 0x0000000084f00000| Untracked 
|  76|0x0000000085000000, 0x0000000085000000, 0x0000000085100000|  0%| F|  |TAMS 0x0000000085000000, 0x0000000085000000| Untracked 
|  77|0x0000000085100000, 0x0000000085100000, 0x0000000085200000|  0%| F|  |TAMS 0x0000000085100000, 0x0000000085100000| Untracked 
|  78|0x0000000085200000, 0x0000000085200000, 0x0000000085300000|  0%| F|  |TAMS 0x0000000085200000, 0x0000000085200000| Untracked 
|  79|0x0000000085300000, 0x0000000085300000, 0x0000000085400000|  0%| F|  |TAMS 0x0000000085300000, 0x0000000085300000| Untracked 
|  80|0x0000000085400000, 0x0000000085400000, 0x0000000085500000|  0%| F|  |TAMS 0x0000000085400000, 0x0000000085400000| Untracked 
|  81|0x0000000085500000, 0x0000000085500000, 0x0000000085600000|  0%| F|  |TAMS 0x0000000085500000, 0x0000000085500000| Untracked 
|  82|0x0000000085600000, 0x0000000085600000, 0x0000000085700000|  0%| F|  |TAMS 0x0000000085600000, 0x0000000085600000| Untracked 
|  83|0x0000000085700000, 0x0000000085700000, 0x0000000085800000|  0%| F|  |TAMS 0x0000000085700000, 0x0000000085700000| Untracked 
|  84|0x0000000085800000, 0x0000000085800000, 0x0000000085900000|  0%| F|  |TAMS 0x0000000085800000, 0x0000000085800000| Untracked 
|  85|0x0000000085900000, 0x0000000085900000, 0x0000000085a00000|  0%| F|  |TAMS 0x0000000085900000, 0x0000000085900000| Untracked 
|  86|0x0000000085a00000, 0x0000000085a00000, 0x0000000085b00000|  0%| F|  |TAMS 0x0000000085a00000, 0x0000000085a00000| Untracked 
|  87|0x0000000085b00000, 0x0000000085b00000, 0x0000000085c00000|  0%| F|  |TAMS 0x0000000085b00000, 0x0000000085b00000| Untracked 
|  88|0x0000000085c00000, 0x0000000085c00000, 0x0000000085d00000|  0%| F|  |TAMS 0x0000000085c00000, 0x0000000085c00000| Untracked 
|  89|0x0000000085d00000, 0x0000000085d00000, 0x0000000085e00000|  0%| F|  |TAMS 0x0000000085d00000, 0x0000000085d00000| Untracked 
|  90|0x0000000085e00000, 0x0000000085e00000, 0x0000000085f00000|  0%| F|  |TAMS 0x0000000085e00000, 0x0000000085e00000| Untracked 
|  91|0x0000000085f00000, 0x0000000085f00000, 0x0000000086000000|  0%| F|  |TAMS 0x0000000085f00000, 0x0000000085f00000| Untracked 
|  92|0x0000000086000000, 0x0000000086000000, 0x0000000086100000|  0%| F|  |TAMS 0x0000000086000000, 0x0000000086000000| Untracked 
|  93|0x0000000086100000, 0x0000000086100000, 0x0000000086200000|  0%| F|  |TAMS 0x0000000086100000, 0x0000000086100000| Untracked 
|  94|0x0000000086200000, 0x0000000086200000, 0x0000000086300000|  0%| F|  |TAMS 0x0000000086200000, 0x0000000086200000| Untracked 
|  95|0x0000000086300000, 0x0000000086300000, 0x0000000086400000|  0%| F|  |TAMS 0x0000000086300000, 0x0000000086300000| Untracked 
|  96|0x0000000086400000, 0x0000000086400000, 0x0000000086500000|  0%| F|  |TAMS 0x0000000086400000, 0x0000000086400000| Untracked 
|  97|0x0000000086500000, 0x0000000086500000, 0x0000000086600000|  0%| F|  |TAMS 0x0000000086500000, 0x0000000086500000| Untracked 
|  98|0x0000000086600000, 0x0000000086600000, 0x0000000086700000|  0%| F|  |TAMS 0x0000000086600000, 0x0000000086600000| Untracked 
|  99|0x0000000086700000, 0x0000000086700000, 0x0000000086800000|  0%| F|  |TAMS 0x0000000086700000, 0x0000000086700000| Untracked 
| 100|0x0000000086800000, 0x0000000086800000, 0x0000000086900000|  0%| F|  |TAMS 0x0000000086800000, 0x0000000086800000| Untracked 
| 101|0x0000000086900000, 0x0000000086900000, 0x0000000086a00000|  0%| F|  |TAMS 0x0000000086900000, 0x0000000086900000| Untracked 
| 102|0x0000000086a00000, 0x0000000086a00000, 0x0000000086b00000|  0%| F|  |TAMS 0x0000000086a00000, 0x0000000086a00000| Untracked 
| 103|0x0000000086b00000, 0x0000000086c00000, 0x0000000086c00000|100%| S|CS|TAMS 0x0000000086b00000, 0x0000000086b00000| Complete 
| 104|0x0000000086c00000, 0x0000000086d00000, 0x0000000086d00000|100%| S|CS|TAMS 0x0000000086c00000, 0x0000000086c00000| Complete 
| 105|0x0000000086d00000, 0x0000000086e00000, 0x0000000086e00000|100%| S|CS|TAMS 0x0000000086d00000, 0x0000000086d00000| Complete 
| 106|0x0000000086e00000, 0x0000000086e00000, 0x0000000086f00000|  0%| F|  |TAMS 0x0000000086e00000, 0x0000000086e00000| Untracked 
| 107|0x0000000086f00000, 0x0000000086f00000, 0x0000000087000000|  0%| F|  |TAMS 0x0000000086f00000, 0x0000000086f00000| Untracked 
| 108|0x0000000087000000, 0x0000000087000000, 0x0000000087100000|  0%| F|  |TAMS 0x0000000087000000, 0x0000000087000000| Untracked 
| 109|0x0000000087100000, 0x0000000087100000, 0x0000000087200000|  0%| F|  |TAMS 0x0000000087100000, 0x0000000087100000| Untracked 
| 110|0x0000000087200000, 0x0000000087200000, 0x0000000087300000|  0%| F|  |TAMS 0x0000000087200000, 0x0000000087200000| Untracked 
| 111|0x0000000087300000, 0x0000000087300000, 0x0000000087400000|  0%| F|  |TAMS 0x0000000087300000, 0x0000000087300000| Untracked 
| 112|0x0000000087400000, 0x0000000087400000, 0x0000000087500000|  0%| F|  |TAMS 0x0000000087400000, 0x0000000087400000| Untracked 
| 113|0x0000000087500000, 0x0000000087500000, 0x0000000087600000|  0%| F|  |TAMS 0x0000000087500000, 0x0000000087500000| Untracked 
| 114|0x0000000087600000, 0x0000000087600000, 0x0000000087700000|  0%| F|  |TAMS 0x0000000087600000, 0x0000000087600000| Untracked 
| 115|0x0000000087700000, 0x0000000087700000, 0x0000000087800000|  0%| F|  |TAMS 0x0000000087700000, 0x0000000087700000| Untracked 
| 116|0x0000000087800000, 0x0000000087800000, 0x0000000087900000|  0%| F|  |TAMS 0x0000000087800000, 0x0000000087800000| Untracked 
| 117|0x0000000087900000, 0x0000000087900000, 0x0000000087a00000|  0%| F|  |TAMS 0x0000000087900000, 0x0000000087900000| Untracked 
| 118|0x0000000087a00000, 0x0000000087b00000, 0x0000000087b00000|100%| E|CS|TAMS 0x0000000087a00000, 0x0000000087a00000| Complete 
| 119|0x0000000087b00000, 0x0000000087c00000, 0x0000000087c00000|100%| E|CS|TAMS 0x0000000087b00000, 0x0000000087b00000| Complete 
| 120|0x0000000087c00000, 0x0000000087d00000, 0x0000000087d00000|100%| E|CS|TAMS 0x0000000087c00000, 0x0000000087c00000| Complete 
| 121|0x0000000087d00000, 0x0000000087e00000, 0x0000000087e00000|100%| E|CS|TAMS 0x0000000087d00000, 0x0000000087d00000| Complete 
| 122|0x0000000087e00000, 0x0000000087f00000, 0x0000000087f00000|100%| E|CS|TAMS 0x0000000087e00000, 0x0000000087e00000| Complete 
| 123|0x0000000087f00000, 0x0000000088000000, 0x0000000088000000|100%| E|CS|TAMS 0x0000000087f00000, 0x0000000087f00000| Complete 
| 124|0x0000000088000000, 0x0000000088100000, 0x0000000088100000|100%| E|CS|TAMS 0x0000000088000000, 0x0000000088000000| Complete 
| 125|0x0000000088100000, 0x0000000088200000, 0x0000000088200000|100%| E|CS|TAMS 0x0000000088100000, 0x0000000088100000| Complete 
| 126|0x0000000088200000, 0x0000000088300000, 0x0000000088300000|100%| E|CS|TAMS 0x0000000088200000, 0x0000000088200000| Complete 
| 127|0x0000000088300000, 0x0000000088400000, 0x0000000088400000|100%| E|CS|TAMS 0x0000000088300000, 0x0000000088300000| Complete 

Card table byte_map: [0x000002b8f2370000,0x000002b8f2770000] _byte_map_base: 0x000002b8f1f6e000

Marking Bits (Prev, Next): (CMBitMap*) 0x000002b8dab016f8, (CMBitMap*) 0x000002b8dab01730
 Prev Bits: [0x000002b8f2b70000, 0x000002b8f4b60000)
 Next Bits: [0x000002b8f4b60000, 0x000002b8f6b50000)

Polling page: 0x000002b8da230000

Metaspace:

Usage:
  Non-class:     11.83 MB capacity,    11.60 MB ( 98%) used,   210.78 KB (  2%) free+waste,    31.06 KB ( <1%) overhead. 
      Class:      1.47 MB capacity,     1.35 MB ( 92%) used,   105.80 KB (  7%) free+waste,    15.25 KB (  1%) overhead. 
       Both:     13.30 MB capacity,    12.95 MB ( 97%) used,   316.59 KB (  2%) free+waste,    46.31 KB ( <1%) overhead. 

Virtual space:
  Non-class space:       12.00 MB reserved,      12.00 MB (100%) committed 
      Class space:        1.00 GB reserved,       1.50 MB ( <1%) committed 
             Both:        1.01 GB reserved,      13.50 MB (  1%) committed 

Chunk freelists:
   Non-Class:  5.13 KB
       Class:  0 bytes
        Both:  5.13 KB

CodeHeap 'non-profiled nmethods': size=238912Kb used=1766Kb max_used=1766Kb free=237145Kb
 bounds [0x000002b8e3510000, 0x000002b8e3780000, 0x000002b8f1e60000]
CodeHeap 'non-nmethods': size=6848Kb used=1108Kb max_used=1108Kb free=5739Kb
 bounds [0x000002b8e2e60000, 0x000002b8e30d0000, 0x000002b8e3510000]
 total_blobs=1673 nmethods=1247 adapters=338
 compilation: enabled
              stopped_count=0, restarted_count=0
 full_count=0

Compilation events (10 events):
Event: 1.877 Thread 0x000002b8f9c43800 1171   !   1       java.util.zip.ZipFile$ZipFileInflaterInputStream::close (67 bytes)
Event: 1.878 Thread 0x000002b8f9c43800 nmethod 1171 0x000002b8e36a7590 code [0x000002b8e36a7780, 0x000002b8e36a7b60]
Event: 1.878 Thread 0x000002b8f9c43800 1172       1       java.util.zip.InflaterInputStream::close (34 bytes)
Event: 1.878 Thread 0x000002b8f9c43800 nmethod 1172 0x000002b8e36a7d90 code [0x000002b8e36a7f40, 0x000002b8e36a80e0]
Event: 1.878 Thread 0x000002b8f9c43800 1173       1       java.util.zip.ZipFile$InflaterCleanupAction::run (12 bytes)
Event: 1.878 Thread 0x000002b8f9c43800 nmethod 1173 0x000002b8e36a8190 code [0x000002b8e36a8340, 0x000002b8e36a8490]
Event: 1.878 Thread 0x000002b8f9c43800 1174   !   1       java.util.zip.ZipFile$CleanableResource::releaseInflater (53 bytes)
Event: 1.878 Thread 0x000002b8f9c43800 nmethod 1174 0x000002b8e36a8590 code [0x000002b8e36a8760, 0x000002b8e36a8af0]
Event: 1.878 Thread 0x000002b8f9c43800 1175   !   1       java.util.zip.Inflater::reset (64 bytes)
Event: 1.878 Thread 0x000002b8f9c43800 nmethod 1175 0x000002b8e36a8c90 code [0x000002b8e36a8e60, 0x000002b8e36a9240]

GC Heap History (2 events):
Event: 0.937 GC heap before
{Heap before GC invocations=0 (full 0):
 garbage-first heap   total 131072K, used 22528K [0x0000000080400000, 0x0000000100000000)
  region size 1024K, 22 young (22528K), 0 survivors (0K)
 Metaspace       used 7826K, capacity 7954K, committed 8320K, reserved 1056768K
  class space    used 736K, capacity 779K, committed 896K, reserved 1048576K
}
Event: 0.949 GC heap after
{Heap after GC invocations=1 (full 0):
 garbage-first heap   total 131072K, used 19272K [0x0000000080400000, 0x0000000100000000)
  region size 1024K, 3 young (3072K), 3 survivors (3072K)
 Metaspace       used 7826K, capacity 7954K, committed 8320K, reserved 1056768K
  class space    used 736K, capacity 779K, committed 896K, reserved 1048576K
}

Deoptimization events (0 events):
No events

Classes redefined (0 events):
No events

Internal exceptions (10 events):
Event: 1.095 Thread 0x000002b8daac2800 Exception <a 'java/lang/NoSuchMethodError'{0x0000000088097718}: java.lang.invoke.DirectMethodHandle$Holder.invokeStaticInit(Ljava/lang/Object;IIII)Ljava/lang/Object;> (0x0000000088097718) thrown at [./open/src/hotspot/share/interpreter/linkResolver.cpp, l
Event: 1.756 Thread 0x000002b8daac2800 Exception <a 'java/lang/NoSuchMethodError'{0x0000000087f64ae0}: java.lang.invoke.DirectMethodHandle$Holder.invokeStatic(Ljava/lang/Object;Ljava/lang/Object;IIII)Ljava/lang/Object;> (0x0000000087f64ae0) thrown at [./open/src/hotspot/share/interpreter/linkR
Event: 1.756 Thread 0x000002b8daac2800 Exception <a 'java/lang/NoSuchMethodError'{0x0000000087f67e28}: java.lang.invoke.DirectMethodHandle$Holder.invokeStaticInit(Ljava/lang/Object;Ljava/lang/Object;IIII)Ljava/lang/Object;> (0x0000000087f67e28) thrown at [./open/src/hotspot/share/interpreter/l
Event: 1.766 Thread 0x000002b8daac2800 Exception <a 'java/lang/ClassNotFoundException'{0x0000000087f855d8}: javax/management/remote/rmi/RMIServerImpl_Skel> (0x0000000087f855d8) thrown at [./open/src/hotspot/share/classfile/systemDictionary.cpp, line 228]
Event: 1.804 Thread 0x000002b8daac2800 Exception <a 'java/lang/ClassNotFoundException'{0x0000000087e27588}: jdk/internal/agent/resources/spi/agentProvider> (0x0000000087e27588) thrown at [./open/src/hotspot/share/classfile/systemDictionary.cpp, line 228]
Event: 1.811 Thread 0x000002b8daac2800 Exception <a 'java/lang/NoSuchMethodError'{0x0000000087e7d098}: java.lang.invoke.DirectMethodHandle$Holder.invokeStatic(Ljava/lang/Object;Ljava/lang/Object;Ljava/lang/Object;Ljava/lang/Object;Ljava/lang/Object;Ljava/lang/Object;Ljava/lang/Object;Ljava/lan
Event: 1.812 Thread 0x000002b8daac2800 Exception <a 'java/lang/NoSuchMethodError'{0x0000000087e898b8}: java.lang.invoke.DirectMethodHandle$Holder.invokeStatic(Ljava/lang/Object;Ljava/lang/Object;Ljava/lang/Object;Ljava/lang/Object;Ljava/lang/Object;Ljava/lang/Object;Ljava/lang/Object;Ljava/lan
Event: 1.814 Thread 0x000002b8daac2800 Exception <a 'java/lang/NoSuchMethodError'{0x0000000087ea3390}: java.lang.invoke.DelegatingMethodHandle$Holder.reinvoke_L(Ljava/lang/Object;ILjava/lang/Object;)Ljava/lang/Object;> (0x0000000087ea3390) thrown at [./open/src/hotspot/share/interpreter/linkRe
Event: 1.858 Thread 0x000002b8daac2800 Exception <a 'java/lang/ClassNotFoundException'{0x0000000087cb4a50}: javax/smartcardio/CardPermission> (0x0000000087cb4a50) thrown at [./open/src/hotspot/share/classfile/systemDictionary.cpp, line 228]
Event: 1.861 Thread 0x000002b8daac2800 Exception <a 'java/io/FileNotFoundException'{0x0000000087cc3070}> (0x0000000087cc3070) thrown at [./open/src/hotspot/share/prims/jni.cpp, line 611]

Events (10 events):
Event: 1.875 loading class ch/qos/logback/core/Appender
Event: 1.875 loading class ch/qos/logback/core/Appender done
Event: 1.875 loading class ch/qos/logback/core/spi/FilterAttachable
Event: 1.875 loading class ch/qos/logback/core/spi/FilterAttachable done
Event: 1.876 loading class ch/qos/logback/core/spi/FilterAttachableImpl
Event: 1.876 loading class ch/qos/logback/core/spi/FilterAttachableImpl done
Event: 1.876 loading class ch/qos/logback/core/util/COWArrayList
Event: 1.876 loading class ch/qos/logback/core/util/COWArrayList done
Event: 1.877 loading class ch/qos/logback/core/filter/Filter
Event: 1.877 loading class ch/qos/logback/core/filter/Filter done


Dynamic libraries:
0x00007ff603880000 - 0x00007ff6038c7000 	C:\Program Files\Java\jdk-11.0.7\bin\javaw.exe
0x00007ffd3b0e0000 - 0x00007ffd3b2d0000 	C:\WINDOWS\SYSTEM32\ntdll.dll
0x00007ffd34900000 - 0x00007ffd34912000 	C:\Program Files\AVAST Software\Avast\aswhook.dll
0x00007ffd397e0000 - 0x00007ffd39892000 	C:\WINDOWS\System32\KERNEL32.DLL
0x00007ffd38ce0000 - 0x00007ffd38f85000 	C:\WINDOWS\System32\KERNELBASE.dll
0x00007ffd35f40000 - 0x00007ffd35fcf000 	C:\WINDOWS\SYSTEM32\apphelp.dll
0x00007ffcee470000 - 0x00007ffcee902000 	C:\WINDOWS\SYSTEM32\AcLayers.DLL
0x00007ffd39da0000 - 0x00007ffd39e3e000 	C:\WINDOWS\System32\msvcrt.dll
0x00007ffd392a0000 - 0x00007ffd39434000 	C:\WINDOWS\System32\USER32.dll
0x00007ffd389c0000 - 0x00007ffd389e1000 	C:\WINDOWS\System32\win32u.dll
0x00007ffd398a0000 - 0x00007ffd398c6000 	C:\WINDOWS\System32\GDI32.dll
0x00007ffd38060000 - 0x00007ffd381f6000 	C:\WINDOWS\System32\gdi32full.dll
0x00007ffd38c20000 - 0x00007ffd38cbe000 	C:\WINDOWS\System32\msvcp_win.dll
0x00007ffd39090000 - 0x00007ffd3918a000 	C:\WINDOWS\System32\ucrtbase.dll
0x00007ffd3aed0000 - 0x00007ffd3af22000 	C:\WINDOWS\System32\SHLWAPI.dll
0x00007ffd3a220000 - 0x00007ffd3a555000 	C:\WINDOWS\System32\combase.dll
0x00007ffd39640000 - 0x00007ffd39760000 	C:\WINDOWS\System32\RPCRT4.dll
0x00007ffd38ba0000 - 0x00007ffd38c20000 	C:\WINDOWS\System32\bcryptPrimitives.dll
0x00007ffd39e40000 - 0x00007ffd39ee3000 	C:\WINDOWS\System32\ADVAPI32.dll
0x00007ffd3a560000 - 0x00007ffd3a5f7000 	C:\WINDOWS\System32\sechost.dll
0x000002b8d8900000 - 0x000002b8d8903000 	C:\WINDOWS\SYSTEM32\sfc.dll
0x00007ffd19bd0000 - 0x00007ffd19c59000 	C:\WINDOWS\SYSTEM32\WINSPOOL.DRV
0x00007ffd38010000 - 0x00007ffd38021000 	C:\WINDOWS\System32\kernel.appcore.dll
0x00007ffd38200000 - 0x00007ffd38226000 	C:\WINDOWS\System32\bcrypt.dll
0x00007ffd30610000 - 0x00007ffd30700000 	C:\WINDOWS\SYSTEM32\PROPSYS.dll
0x00007ffd39450000 - 0x00007ffd39515000 	C:\WINDOWS\System32\OLEAUT32.dll
0x00007ffd391f0000 - 0x00007ffd39299000 	C:\WINDOWS\System32\shcore.dll
0x00007ffd37490000 - 0x00007ffd374ca000 	C:\WINDOWS\SYSTEM32\IPHLPAPI.DLL
